Scoring function will penalyze shape filling twice since you defined two parameters: DENSITY and MAP_FREESPACE!
ANNTEMP.................... 1.0
CHI2_PENALTY.................... [0.0, 0.0]
CLASHES_PENALTY.................... [1.0, 1.0]
COMPONENTS_INDEXES.................... {}
CRYSOL_PATH.................... 
CURVE.................... None
DENSITY_PENALTY.................... [1.0, 1.0]
DISABLED_MUTATIONS.................... ['translation', 'exchange', 'SimulateDisorder']
EXCHANGE_FREQ.................... 0.0
EXCHANGEANDSAMPLE_FREQ.................... 0.0
FREESPACE_PENALTY.................... [1.0, 1.0]
IDENTIFY_DISORDERS.................... False
IS_CHI2_DEFINED.................... False
IS_DENSITY_DEFINED.................... True
IS_FREESPACE_DEFINED.................... True
IS_RG_PENALTY_DEFINED.................... False
ITER_NR.................... 0
KVOL.................... 1.0
KVOL_GIVEN.................... True
LINKED_COMPONENTS.................... {}
MAX_ROT_ANGLE.................... 5.0
MAX_TRANS_VEC.................... [5.0, 5.0, 5.0]
MAXPOOLSIZE.................... 100
MOVABLE.................... []
MOVEHISTORY.................... 
MUTATION_FREQUENCIES.................... {'SimulateDisorder': 0.0, 'translation_all': 0.25, 'rotation_all': 0.25, 'exchange': 0.0, 'rotation': 0.25, 'translation': 0.0, 'rotation_cov': 0.25}
NITER.................... 4000
OUT_STEPS.................... []
OUTBOX_PENALTY.................... [1.0, 1.0]
PARAM_SCALING.................... on
PARAM_SCALING_RANGE1.................... [0.5, 1.0]
PARAM_SCALING_RANGE2.................... [0.25, 0.5]
PARAM_SCALING_RANGE3.................... [0.0, 0.25]
PARAM_SCALING_RANGES.................... [0.0, 0.25, 0.5]
REDUCTMETHOD.................... Roulette
REHEAT.................... False
REHEAT_REJECTIONS.................... 1.0
REPL_EXCH_FREQ.................... False
REPLICA_EXCHANGE_FREQ.................... 20000
REPLICA_TEMPS.................... [400, 350, 300, 250, 200, 150, 100, 50, 25, 0]
REPRESENTATION.................... fa
REQUIRED_CLASHES_PENALTY.................... True
REQUIRED_CLASHES_PENALTY_ALLATOMS.................... False
RESTRAINTS_PENALTY.................... [1.0, 1.0]
RG_PENALTY.................... [0.0, 0.0]
RG_VAL.................... 0.0
ROTATION_ALL_FREQ.................... 0.25
ROTATION_COV_FREQ.................... 0.25
ROTATION_FREQ.................... 0.25
ROTATION_WHOLE_FREQ.................... 0.0
SAVE_RES_MODE.................... niter
SAXSRADIUS.................... 0.0
SCALING_RANGES.................... [[50, 100], [25, 50], [0, 25], [0.5, 1.0], [0.25, 0.5], [0.0, 0.25]]
SHAPEDESC.................... True
SIMBOX.................... 1.4
SIMBOXRADIUS.................... 1.0
SIMGRIDTYPE.................... cubic
SIMMETHOD.................... simulatedannealing
SIMUL_DD_FREQ.................... 0.0
SIMUL_STEPS.................... 200000
START_ORIENT.................... True
STRUCT_NR.................... 1
SYMMETRY_PENALTY.................... [0.0, 0.0]
THRESHOLD.................... None
THRESHOLD_GIVEN.................... False
TRANSLATION_ALL_FREQ.................... 0.25
TRANSLATION_FREQ.................... 0.0
WRITE_EACHBETTER.................... False
cx score for iteration 0 -104.458 components: restraints: -0 collisions: -28.3069 map filling: -3.50895e-07 outbox atoms: 0 density filling: -37.9104 symmetry penalty: -0 chi2 penalty: 0 rg penalty: 0
cx score for iteration 3878 -40.1839 components: restraints: -0 collisions: -1.85185 map filling: -19.3809 outbox atoms: -0 density filling: -18.9511 symmetry penalty: -0 chi2 penalty: 0 rg penalty: 0
cx score for iteration 4958 -40.0346 components: restraints: -0 collisions: -1.85185 map filling: -19.3065 outbox atoms: -0 density filling: -18.8763 symmetry penalty: -0 chi2 penalty: 0 rg penalty: 0
cx score for iteration 19969 -40.0133 components: restraints: -0 collisions: -1.85185 map filling: -19.2958 outbox atoms: -0 density filling: -18.8656 symmetry penalty: -0 chi2 penalty: 0 rg penalty: 0
cx score for iteration 50288 -39.7061 components: restraints: -0 collisions: -1.5873 map filling: -19.2745 outbox atoms: -0 density filling: -18.8442 symmetry penalty: -0 chi2 penalty: 0 rg penalty: 0
cx score for iteration 103957 -39.2154 components: restraints: -0 collisions: -1.5873 map filling: -19.0299 outbox atoms: -0 density filling: -18.5983 symmetry penalty: -0 chi2 penalty: 0 rg penalty: 0
cx score for iteration 110021 -39.1728 components: restraints: -0 collisions: -1.5873 map filling: -19.0086 outbox atoms: -0 density filling: -18.5769 symmetry penalty: -0 chi2 penalty: 0 rg penalty: 0
cx score for iteration 132021 -39.1515 components: restraints: -0 collisions: -1.5873 map filling: -18.998 outbox atoms: -0 density filling: -18.5662 symmetry penalty: -0 chi2 penalty: 0 rg penalty: 0
Rejected	-39.1514511108	iter_nr	200000
