Scoring function will penalyze shape filling twice since you defined two parameters: DENSITY and MAP_FREESPACE!
ANNTEMP.................... 1.0
CHI2_PENALTY.................... [0.0, 0.0]
CLASHES_PENALTY.................... [1.0, 1.0]
COMPONENTS_INDEXES.................... {}
CRYSOL_PATH.................... 
CURVE.................... None
DENSITY_PENALTY.................... [1.0, 1.0]
DISABLED_MUTATIONS.................... ['translation', 'exchange', 'SimulateDisorder']
EXCHANGE_FREQ.................... 0.0
EXCHANGEANDSAMPLE_FREQ.................... 0.0
FREESPACE_PENALTY.................... [1.0, 1.0]
IDENTIFY_DISORDERS.................... False
IS_CHI2_DEFINED.................... False
IS_DENSITY_DEFINED.................... True
IS_FREESPACE_DEFINED.................... True
IS_RG_PENALTY_DEFINED.................... False
ITER_NR.................... 0
KVOL.................... 1.0
KVOL_GIVEN.................... True
LINKED_COMPONENTS.................... {}
MAX_ROT_ANGLE.................... 5.0
MAX_TRANS_VEC.................... [5.0, 5.0, 5.0]
MAXPOOLSIZE.................... 100
MOVABLE.................... []
MOVEHISTORY.................... 
MUTATION_FREQUENCIES.................... {'SimulateDisorder': 0.0, 'translation_all': 0.25, 'rotation_all': 0.25, 'exchange': 0.0, 'rotation': 0.25, 'translation': 0.0, 'rotation_cov': 0.25}
NITER.................... 4000
OUT_STEPS.................... []
OUTBOX_PENALTY.................... [1.0, 1.0]
PARAM_SCALING.................... on
PARAM_SCALING_RANGE1.................... [0.5, 1.0]
PARAM_SCALING_RANGE2.................... [0.25, 0.5]
PARAM_SCALING_RANGE3.................... [0.0, 0.25]
PARAM_SCALING_RANGES.................... [0.0, 0.25, 0.5]
REDUCTMETHOD.................... Roulette
REHEAT.................... False
REHEAT_REJECTIONS.................... 1.0
REPL_EXCH_FREQ.................... False
REPLICA_EXCHANGE_FREQ.................... 40000
REPLICA_TEMPS.................... [400, 350, 300, 250, 200, 150, 100, 50, 25, 0]
REPRESENTATION.................... fa
REQUIRED_CLASHES_PENALTY.................... True
REQUIRED_CLASHES_PENALTY_ALLATOMS.................... False
RESTRAINTS_PENALTY.................... [1.0, 1.0]
RG_PENALTY.................... [0.0, 0.0]
RG_VAL.................... 0.0
ROTATION_ALL_FREQ.................... 0.25
ROTATION_COV_FREQ.................... 0.25
ROTATION_FREQ.................... 0.25
ROTATION_WHOLE_FREQ.................... 0.0
SAVE_RES_MODE.................... niter
SAXSRADIUS.................... 0.0
SCALING_RANGES.................... [[50, 100], [25, 50], [0, 25], [0.5, 1.0], [0.25, 0.5], [0.0, 0.25]]
SHAPEDESC.................... True
SIMBOX.................... 1.4
SIMBOXRADIUS.................... 1.0
SIMGRIDTYPE.................... cubic
SIMMETHOD.................... simulatedannealing
SIMUL_DD_FREQ.................... 0.0
SIMUL_STEPS.................... 400000
START_ORIENT.................... True
STRUCT_NR.................... 1
SYMMETRY_PENALTY.................... [0.0, 0.0]
THRESHOLD.................... None
THRESHOLD_GIVEN.................... False
TRANSLATION_ALL_FREQ.................... 0.25
TRANSLATION_FREQ.................... 0.0
WRITE_EACHBETTER.................... False
cx score for iteration 0 -157.956 components: restraints: -0 collisions: -46.8864 map filling: 3.30733e-10 outbox atoms: 0 density filling: -55.4981 symmetry penalty: -0 chi2 penalty: 0 rg penalty: 0
cx score for iteration 3965 -75.55 components: restraints: -0 collisions: -6.73993 map filling: -34.4215 outbox atoms: -0 density filling: -34.3886 symmetry penalty: -0 chi2 penalty: 0 rg penalty: 0
cx score for iteration 5108 -74.2017 components: restraints: -0 collisions: -5.71429 map filling: -34.2603 outbox atoms: -0 density filling: -34.2272 symmetry penalty: -0 chi2 penalty: 0 rg penalty: 0
cx score for iteration 102154 -74.1211 components: restraints: -0 collisions: -5.71429 map filling: -34.22 outbox atoms: -0 density filling: -34.1868 symmetry penalty: -0 chi2 penalty: 0 rg penalty: 0
cx score for iteration 104633 -74.0216 components: restraints: -0 collisions: -5.42125 map filling: -34.3167 outbox atoms: -0 density filling: -34.2837 symmetry penalty: -0 chi2 penalty: 0 rg penalty: 0
cx score for iteration 202923 -73.6021 components: restraints: -0 collisions: -5.42125 map filling: -34.1071 outbox atoms: -0 density filling: -34.0738 symmetry penalty: -0 chi2 penalty: 0 rg penalty: 0
cx score for iteration 206273 -73.586 components: restraints: -0 collisions: -5.42125 map filling: -34.0991 outbox atoms: -0 density filling: -34.0657 symmetry penalty: -0 chi2 penalty: 0 rg penalty: 0
cx score for iteration 211668 -73.586 components: restraints: -0 collisions: -5.42125 map filling: -34.0991 outbox atoms: -0 density filling: -34.0657 symmetry penalty: -0 chi2 penalty: 0 rg penalty: 0
cx score for iteration 219202 -73.5699 components: restraints: -0 collisions: -5.42125 map filling: -34.091 outbox atoms: -0 density filling: -34.0576 symmetry penalty: -0 chi2 penalty: 0 rg penalty: 0
cx score for iteration 220734 -73.5698 components: restraints: -0 collisions: -5.42125 map filling: -34.091 outbox atoms: -0 density filling: -34.0576 symmetry penalty: -0 chi2 penalty: 0 rg penalty: 0
cx score for iteration 225525 -73.5698 components: restraints: -0 collisions: -5.42125 map filling: -34.091 outbox atoms: -0 density filling: -34.0576 symmetry penalty: -0 chi2 penalty: 0 rg penalty: 0
cx score for iteration 229429 -73.5537 components: restraints: -0 collisions: -5.42125 map filling: -34.0829 outbox atoms: -0 density filling: -34.0495 symmetry penalty: -0 chi2 penalty: 0 rg penalty: 0
cx score for iteration 236048 -73.5537 components: restraints: -0 collisions: -5.42125 map filling: -34.0829 outbox atoms: -0 density filling: -34.0495 symmetry penalty: -0 chi2 penalty: 0 rg penalty: 0
cx score for iteration 242509 -73.5214 components: restraints: -0 collisions: -5.42125 map filling: -34.0668 outbox atoms: -0 density filling: -34.0334 symmetry penalty: -0 chi2 penalty: 0 rg penalty: 0
cx score for iteration 245441 -73.5214 components: restraints: -0 collisions: -5.42125 map filling: -34.0668 outbox atoms: -0 density filling: -34.0333 symmetry penalty: -0 chi2 penalty: 0 rg penalty: 0
cx score for iteration 251154 -73.5214 components: restraints: -0 collisions: -5.42125 map filling: -34.0668 outbox atoms: -0 density filling: -34.0333 symmetry penalty: -0 chi2 penalty: 0 rg penalty: 0
cx score for iteration 253901 -73.5214 components: restraints: -0 collisions: -5.42125 map filling: -34.0668 outbox atoms: -0 density filling: -34.0333 symmetry penalty: -0 chi2 penalty: 0 rg penalty: 0
cx score for iteration 263309 -73.5213 components: restraints: -0 collisions: -5.42125 map filling: -34.0668 outbox atoms: -0 density filling: -34.0333 symmetry penalty: -0 chi2 penalty: 0 rg penalty: 0
cx score for iteration 267120 -73.5213 components: restraints: -0 collisions: -5.42125 map filling: -34.0668 outbox atoms: -0 density filling: -34.0333 symmetry penalty: -0 chi2 penalty: 0 rg penalty: 0
cx score for iteration 268566 -73.5213 components: restraints: -0 collisions: -5.42125 map filling: -34.0668 outbox atoms: -0 density filling: -34.0332 symmetry penalty: -0 chi2 penalty: 0 rg penalty: 0
cx score for iteration 272812 -73.5213 components: restraints: -0 collisions: -5.42125 map filling: -34.0668 outbox atoms: -0 density filling: -34.0332 symmetry penalty: -0 chi2 penalty: 0 rg penalty: 0
cx score for iteration 279748 -73.5213 components: restraints: -0 collisions: -5.42125 map filling: -34.0668 outbox atoms: -0 density filling: -34.0332 symmetry penalty: -0 chi2 penalty: 0 rg penalty: 0
cx score for iteration 291633 -73.5212 components: restraints: -0 collisions: -5.42125 map filling: -34.0668 outbox atoms: -0 density filling: -34.0332 symmetry penalty: -0 chi2 penalty: 0 rg penalty: 0
cx score for iteration 294916 -73.5212 components: restraints: -0 collisions: -5.42125 map filling: -34.0668 outbox atoms: -0 density filling: -34.0331 symmetry penalty: -0 chi2 penalty: 0 rg penalty: 0
cx score for iteration 303075 -73.5212 components: restraints: -0 collisions: -5.42125 map filling: -34.0668 outbox atoms: -0 density filling: -34.0331 symmetry penalty: -0 chi2 penalty: 0 rg penalty: 0
cx score for iteration 311948 -73.5212 components: restraints: -0 collisions: -5.42125 map filling: -34.0668 outbox atoms: -0 density filling: -34.0331 symmetry penalty: -0 chi2 penalty: 0 rg penalty: 0
cx score for iteration 313357 -73.5212 components: restraints: -0 collisions: -5.42125 map filling: -34.0668 outbox atoms: -0 density filling: -34.0331 symmetry penalty: -0 chi2 penalty: 0 rg penalty: 0
cx score for iteration 319336 -73.5211 components: restraints: -0 collisions: -5.42125 map filling: -34.0668 outbox atoms: -0 density filling: -34.0331 symmetry penalty: -0 chi2 penalty: 0 rg penalty: 0
cx score for iteration 322853 -73.5211 components: restraints: -0 collisions: -5.42125 map filling: -34.0668 outbox atoms: -0 density filling: -34.0331 symmetry penalty: -0 chi2 penalty: 0 rg penalty: 0
cx score for iteration 331109 -73.5211 components: restraints: -0 collisions: -5.42125 map filling: -34.0668 outbox atoms: -0 density filling: -34.033 symmetry penalty: -0 chi2 penalty: 0 rg penalty: 0
cx score for iteration 335534 -73.5211 components: restraints: -0 collisions: -5.42125 map filling: -34.0668 outbox atoms: -0 density filling: -34.033 symmetry penalty: -0 chi2 penalty: 0 rg penalty: 0
cx score for iteration 349162 -73.5211 components: restraints: -0 collisions: -5.42125 map filling: -34.0668 outbox atoms: -0 density filling: -34.033 symmetry penalty: -0 chi2 penalty: 0 rg penalty: 0
cx score for iteration 357964 -73.5211 components: restraints: -0 collisions: -5.42125 map filling: -34.0668 outbox atoms: -0 density filling: -34.033 symmetry penalty: -0 chi2 penalty: 0 rg penalty: 0
cx score for iteration 369459 -73.521 components: restraints: -0 collisions: -5.42125 map filling: -34.0668 outbox atoms: -0 density filling: -34.033 symmetry penalty: -0 chi2 penalty: 0 rg penalty: 0
cx score for iteration 374192 -73.521 components: restraints: -0 collisions: -5.42125 map filling: -34.0668 outbox atoms: -0 density filling: -34.0329 symmetry penalty: -0 chi2 penalty: 0 rg penalty: 0
cx score for iteration 386617 -73.5049 components: restraints: -0 collisions: -5.42125 map filling: -34.0588 outbox atoms: -0 density filling: -34.0249 symmetry penalty: -0 chi2 penalty: 0 rg penalty: 0
cx score for iteration 389088 -73.5048 components: restraints: -0 collisions: -5.42125 map filling: -34.0588 outbox atoms: -0 density filling: -34.0248 symmetry penalty: -0 chi2 penalty: 0 rg penalty: 0
Rejected	-73.5048370361	iter_nr	400000
